2025-09-04T17:05:08.954+05:30  INFO 5640 --- [jpa_email_sending_project] [restartedMain] c.t.s.JpaEmailSendingProjectApplication  : Starting JpaEmailSendingProjectApplication using Java 17.0.12 with PID 5640 (C:\Users\ashishkumar.dabhi\Desktop\Ashish\Java\Spring Assignment\jpa_email_sending_project\target\classes started by ashishkumar.dabhi in C:\Users\ashishkumar.dabhi\Desktop\Ashish\Java\Spring Assignment\jpa_email_sending_project)
2025-09-04T17:05:08.957+05:30  INFO 5640 --- [jpa_email_sending_project] [restartedMain] c.t.s.JpaEmailSendingProjectApplication  : No active profile set, falling back to 1 default profile: "default"
2025-09-04T17:05:10.803+05:30  INFO 5640 --- [jpa_email_sending_project] [restartedMain] .s.d.r.c.RepositoryConfigurationDelegate : Bootstrapping Spring Data JPA repositories in DEFAULT mode.
2025-09-04T17:05:10.910+05:30  INFO 5640 --- [jpa_email_sending_project] [restartedMain] .s.d.r.c.RepositoryConfigurationDelegate : Finished Spring Data repository scanning in 102 ms. Found 1 JPA repository interface.
2025-09-04T17:05:11.668+05:30  INFO 5640 --- [jpa_email_sending_project] [restartedMain] o.s.b.w.embedded.tomcat.TomcatWebServer  : Tomcat initialized with port 8080 (http)
2025-09-04T17:05:11.677+05:30  INFO 5640 --- [jpa_email_sending_project] [restartedMain] o.apache.catalina.core.StandardService   : Starting service [Tomcat]
2025-09-04T17:05:11.686+05:30  INFO 5640 --- [jpa_email_sending_project] [restartedMain] o.apache.catalina.core.StandardEngine    : Starting Servlet engine: [Apache Tomcat/10.1.44]
2025-09-04T17:05:11.944+05:30  INFO 5640 --- [jpa_email_sending_project] [restartedMain] o.a.c.c.C.[Tomcat-3].[localhost].[/]     : Initializing Spring embedded WebApplicationContext
2025-09-04T17:05:11.944+05:30  INFO 5640 --- [jpa_email_sending_project] [restartedMain] w.s.c.ServletWebServerApplicationContext : Root WebApplicationContext: initialization completed in 2955 ms
2025-09-04T17:05:12.045+05:30  INFO 5640 --- [jpa_email_sending_project] [restartedMain] o.hibernate.jpa.internal.util.LogHelper  : HHH000204: Processing PersistenceUnitInfo [name: default]
2025-09-04T17:05:12.063+05:30  INFO 5640 --- [jpa_email_sending_project] [restartedMain] o.h.c.internal.RegionFactoryInitiator    : HHH000026: Second-level cache disabled
2025-09-04T17:05:12.099+05:30  INFO 5640 --- [jpa_email_sending_project] [restartedMain] o.s.o.j.p.SpringPersistenceUnitInfo      : No LoadTimeWeaver setup: ignoring JPA class transformer
2025-09-04T17:05:12.104+05:30  INFO 5640 --- [jpa_email_sending_project] [restartedMain] com.zaxxer.hikari.HikariDataSource       : HikariPool-11 - Starting...
2025-09-04T17:05:12.223+05:30  INFO 5640 --- [jpa_email_sending_project] [restartedMain] com.zaxxer.hikari.pool.HikariPool        : HikariPool-11 - Added connection com.mysql.cj.jdbc.ConnectionImpl@f418aa3
2025-09-04T17:05:12.226+05:30  INFO 5640 --- [jpa_email_sending_project] [restartedMain] com.zaxxer.hikari.HikariDataSource       : HikariPool-11 - Start completed.
2025-09-04T17:05:12.234+05:30  INFO 5640 --- [jpa_email_sending_project] [restartedMain] org.hibernate.orm.connections.pooling    : HHH10001005: Database info:
	Database JDBC URL [Connecting through datasource 'HikariDataSource (HikariPool-11)']
	Database driver: undefined/unknown
	Database version: 8.0.42
	Autocommit mode: undefined/unknown
	Isolation level: undefined/unknown
	Minimum pool size: undefined/unknown
	Maximum pool size: undefined/unknown
2025-09-04T17:05:12.499+05:30  INFO 5640 --- [jpa_email_sending_project] [restartedMain] o.h.e.t.j.p.i.JtaPlatformInitiator       : HHH000489: No JTA platform available (set 'hibernate.transaction.jta.platform' to enable JTA platform integration)
2025-09-04T17:05:12.610+05:30  INFO 5640 --- [jpa_email_sending_project] [restartedMain] j.LocalContainerEntityManagerFactoryBean : Initialized JPA EntityManagerFactory for persistence unit 'default'
2025-09-04T17:05:12.913+05:30  WARN 5640 --- [jpa_email_sending_project] [restartedMain] JpaBaseConfiguration$JpaWebConfiguration : spring.jpa.open-in-view is enabled by default. Therefore, database queries may be performed during view rendering. Explicitly configure spring.jpa.open-in-view to disable this warning
2025-09-04T17:05:13.140+05:30  INFO 5640 --- [jpa_email_sending_project] [restartedMain] o.s.b.d.a.OptionalLiveReloadServer       : LiveReload server is running on port 35729
2025-09-04T17:05:13.192+05:30  INFO 5640 --- [jpa_email_sending_project] [restartedMain] o.s.b.w.embedded.tomcat.TomcatWebServer  : Tomcat started on port 8080 (http) with context path '/'
2025-09-04T17:05:13.202+05:30  INFO 5640 --- [jpa_email_sending_project] [restartedMain] c.t.s.JpaEmailSendingProjectApplication  : Started JpaEmailSendingProjectApplication in 4.586 seconds (process running for 3656.467)
2025-09-04T17:05:13.210+05:30  INFO 5640 --- [jpa_email_sending_project] [restartedMain] .ConditionEvaluationDeltaLoggingListener : Condition evaluation unchanged
2025-09-04T17:12:14.880+05:30  INFO 5640 --- [jpa_email_sending_project] [http-nio-8080-exec-1] o.a.c.c.C.[Tomcat-3].[localhost].[/]     : Initializing Spring DispatcherServlet 'dispatcherServlet'
2025-09-04T17:12:14.882+05:30  INFO 5640 --- [jpa_email_sending_project] [http-nio-8080-exec-1] o.s.web.servlet.DispatcherServlet        : Initializing Servlet 'dispatcherServlet'
2025-09-04T17:12:14.883+05:30  INFO 5640 --- [jpa_email_sending_project] [http-nio-8080-exec-1] o.s.web.servlet.DispatcherServlet        : Completed initialization in 0 ms
2025-09-04T17:12:15.233+05:30  INFO 5640 --- [jpa_email_sending_project] [http-nio-8080-exec-1] c.t.sendmail.controller.FileController   : 1 File uploaded | File Size: 182 KB | File Name: food_5.png
2025-09-04T17:12:15.233+05:30  INFO 5640 --- [jpa_email_sending_project] [http-nio-8080-exec-1] c.t.sendmail.controller.FileController   : 1 Files uploaded Successfully.
2025-09-04T17:44:22.823+05:30  WARN 5640 --- [jpa_email_sending_project] [HikariPool-11:housekeeper] com.zaxxer.hikari.pool.HikariPool        : HikariPool-11 - Thread starvation or clock leap detected (housekeeper delta=22m9s807ms622µs400ns).
