2025-09-08 10:31:39 - c.t.s.JpaCloudinaryDemoApplication - Starting JpaCloudinaryDemoApplication using Java 17.0.12 with PID 23624 (C:\Users\ashishkumar.dabhi\Desktop\Ashish\Java\Spring Assignment\jpa_cloudinary_demo\target\classes started by root in C:\Users\ashishkumar.dabhi\Desktop\Ashish\Java\Spring Assignment\jpa_cloudinary_demo)
2025-09-08 10:31:39 - c.t.s.JpaCloudinaryDemoApplication - Running with Spring Boot v3.5.5, Spring v6.2.10
2025-09-08 10:31:39 - c.t.s.JpaCloudinaryDemoApplication - No active profile set, falling back to 1 default profile: "default"
2025-09-08 10:31:40 - o.s.b.d.e.DevToolsPropertyDefaultsPostProcessor - Devtools property defaults active! Set 'spring.devtools.add-properties' to 'false' to disable
2025-09-08 10:31:40 - o.s.b.d.e.DevToolsPropertyDefaultsPostProcessor - For additional web related logging consider setting the 'logging.level.web' property to 'DEBUG'
2025-09-08 10:31:42 - o.s.d.r.c.RepositoryConfigurationDelegate - Bootstrapping Spring Data JPA repositories in DEFAULT mode.
2025-09-08 10:31:42 - o.s.d.r.c.RepositoryConfigurationDelegate - Finished Spring Data repository scanning in 195 ms. Found 1 JPA repository interface.
2025-09-08 10:31:45 - o.s.b.w.e.tomcat.TomcatWebServer - Tomcat initialized with port 8080 (http)
2025-09-08 10:31:45 - o.a.catalina.core.StandardService - Starting service [Tomcat]
2025-09-08 10:31:45 - o.a.catalina.core.StandardEngine - Starting Servlet engine: [Apache Tomcat/10.1.44]
2025-09-08 10:31:45 - o.a.c.c.C.[Tomcat].[localhost].[/] - Initializing Spring embedded WebApplicationContext
2025-09-08 10:31:45 - o.s.b.w.s.c.ServletWebServerApplicationContext - Root WebApplicationContext: initialization completed in 5357 ms
2025-09-08 10:31:46 - o.h.jpa.internal.util.LogHelper - HHH000204: Processing PersistenceUnitInfo [name: default]
2025-09-08 10:31:46 - org.hibernate.Version - HHH000412: Hibernate ORM core version 6.6.26.Final
2025-09-08 10:31:46 - o.h.c.i.RegionFactoryInitiator - HHH000026: Second-level cache disabled
2025-09-08 10:31:47 - o.s.o.j.p.SpringPersistenceUnitInfo - No LoadTimeWeaver setup: ignoring JPA class transformer
2025-09-08 10:31:47 - com.zaxxer.hikari.HikariDataSource - HikariPool-1 - Starting...
2025-09-08 10:31:48 - com.zaxxer.hikari.pool.HikariPool - HikariPool-1 - Added connection com.mysql.cj.jdbc.ConnectionImpl@7bb09263
2025-09-08 10:31:48 - com.zaxxer.hikari.HikariDataSource - HikariPool-1 - Start completed.
2025-09-08 10:31:48 - o.hibernate.orm.connections.pooling - HHH10001005: Database info:
	Database JDBC URL [Connecting through datasource 'HikariDataSource (HikariPool-1)']
	Database driver: undefined/unknown
	Database version: 8.0.42
	Autocommit mode: undefined/unknown
	Isolation level: undefined/unknown
	Minimum pool size: undefined/unknown
	Maximum pool size: undefined/unknown
2025-09-08 10:31:51 - o.h.e.t.j.p.i.JtaPlatformInitiator - HHH000489: No JTA platform available (set 'hibernate.transaction.jta.platform' to enable JTA platform integration)
2025-09-08 10:31:51 - o.s.o.j.LocalContainerEntityManagerFactoryBean - Initialized JPA EntityManagerFactory for persistence unit 'default'
2025-09-08 10:31:52 - o.s.b.a.o.j.JpaBaseConfiguration$JpaWebConfiguration - spring.jpa.open-in-view is enabled by default. Therefore, database queries may be performed during view rendering. Explicitly configure spring.jpa.open-in-view to disable this warning
2025-09-08 10:31:53 - o.s.s.c.a.a.c.InitializeUserDetailsBeanManagerConfigurer$InitializeUserDetailsManagerConfigurer - Global AuthenticationManager configured with UserDetailsService bean with name inMemoryUserDetailsManager
2025-09-08 10:31:54 - o.s.b.d.a.OptionalLiveReloadServer - LiveReload server is running on port 35729
2025-09-08 10:31:54 - o.s.b.w.e.tomcat.TomcatWebServer - Tomcat started on port 8080 (http) with context path '/'
2025-09-08 10:31:54 - c.t.s.JpaCloudinaryDemoApplication - Started JpaCloudinaryDemoApplication in 16.62 seconds (process running for 17.962)
