2025-09-08 12:03:57 - c.t.banking.BankingSystemApplication - Starting BankingSystemApplication using Java 17.0.12 with PID 18288 (C:\Users\ashishkumar.dabhi\Desktop\Ashish\Java\Spring Assignment\banking_system\target\classes started by root in C:\Users\ashishkumar.dabhi\Desktop\Ashish\Java\Spring Assignment\banking_system)
2025-09-08 12:03:57 - c.t.banking.BankingSystemApplication - Running with Spring Boot v3.5.5, Spring v6.2.10
2025-09-08 12:03:57 - c.t.banking.BankingSystemApplication - No active profile set, falling back to 1 default profile: "default"
2025-09-08 12:03:57 - o.s.b.d.e.DevToolsPropertyDefaultsPostProcessor - Devtools property defaults active! Set 'spring.devtools.add-properties' to 'false' to disable
2025-09-08 12:03:57 - o.s.b.d.e.DevToolsPropertyDefaultsPostProcessor - For additional web related logging consider setting the 'logging.level.web' property to 'DEBUG'
2025-09-08 12:03:58 - o.s.d.r.c.RepositoryConfigurationDelegate - Bootstrapping Spring Data JPA repositories in DEFAULT mode.
2025-09-08 12:03:58 - o.s.d.r.c.RepositoryConfigurationDelegate - Finished Spring Data repository scanning in 108 ms. Found 7 JPA repository interfaces.
2025-09-08 12:04:00 - o.s.b.w.e.tomcat.TomcatWebServer - Tomcat initialized with port 8080 (http)
2025-09-08 12:04:00 - o.a.catalina.core.StandardService - Starting service [Tomcat]
2025-09-08 12:04:00 - o.a.catalina.core.StandardEngine - Starting Servlet engine: [Apache Tomcat/10.1.44]
2025-09-08 12:04:00 - o.a.c.c.C.[Tomcat].[localhost].[/] - Initializing Spring embedded WebApplicationContext
2025-09-08 12:04:00 - o.s.b.w.s.c.ServletWebServerApplicationContext - Root WebApplicationContext: initialization completed in 2975 ms
2025-09-08 12:04:00 - com.zaxxer.hikari.HikariDataSource - HikariPool-1 - Starting...
2025-09-08 12:04:00 - com.zaxxer.hikari.pool.HikariPool - HikariPool-1 - Added connection com.mysql.cj.jdbc.ConnectionImpl@765258e4
2025-09-08 12:04:00 - com.zaxxer.hikari.HikariDataSource - HikariPool-1 - Start completed.
2025-09-08 12:04:01 - o.h.jpa.internal.util.LogHelper - HHH000204: Processing PersistenceUnitInfo [name: default]
2025-09-08 12:04:01 - org.hibernate.Version - HHH000412: Hibernate ORM core version 6.6.26.Final
2025-09-08 12:04:01 - o.h.c.i.RegionFactoryInitiator - HHH000026: Second-level cache disabled
2025-09-08 12:04:02 - o.s.o.j.p.SpringPersistenceUnitInfo - No LoadTimeWeaver setup: ignoring JPA class transformer
2025-09-08 12:04:02 - o.hibernate.orm.connections.pooling - HHH10001005: Database info:
	Database JDBC URL [Connecting through datasource 'HikariDataSource (HikariPool-1)']
	Database driver: undefined/unknown
	Database version: 8.0.42
	Autocommit mode: undefined/unknown
	Isolation level: undefined/unknown
	Minimum pool size: undefined/unknown
	Maximum pool size: undefined/unknown
2025-09-08 12:04:02 - o.s.o.j.LocalContainerEntityManagerFactoryBean - Failed to initialize JPA EntityManagerFactory: Association 'com.tss.banking.entity.Account.transactions' targets the type 'org.hibernate.Transaction' which is not an '@Entity' type
2025-09-08 12:04:02 - o.s.b.w.s.c.AnnotationConfigServletWebServerApplicationContext - Exception encountered during context initialization - cancelling refresh attempt: org.springframework.beans.factory.BeanCreationException: Error creating bean with name 'entityManagerFactory' defined in class path resource [org/springframework/boot/autoconfigure/orm/jpa/HibernateJpaConfiguration.class]: Association 'com.tss.banking.entity.Account.transactions' targets the type 'org.hibernate.Transaction' which is not an '@Entity' type
2025-09-08 12:04:02 - com.zaxxer.hikari.HikariDataSource - HikariPool-1 - Shutdown initiated...
2025-09-08 12:04:02 - com.zaxxer.hikari.HikariDataSource - HikariPool-1 - Shutdown completed.
2025-09-08 12:04:02 - o.a.catalina.core.StandardService - Stopping service [Tomcat]
2025-09-08 12:04:02 - o.s.b.a.l.ConditionEvaluationReportLogger - 

Error starting ApplicationContext. To display the condition evaluation report re-run your application with 'debug' enabled.
2025-09-08 12:04:02 - o.s.boot.SpringApplication - Application run failed
org.springframework.beans.factory.BeanCreationException: Error creating bean with name 'entityManagerFactory' defined in class path resource [org/springframework/boot/autoconfigure/orm/jpa/HibernateJpaConfiguration.class]: Association 'com.tss.banking.entity.Account.transactions' targets the type 'org.hibernate.Transaction' which is not an '@Entity' type
	at org.springframework.beans.factory.support.AbstractAutowireCapableBeanFactory.initializeBean(AbstractAutowireCapableBeanFactory.java:1826)
	at org.springframework.beans.factory.support.AbstractAutowireCapableBeanFactory.doCreateBean(AbstractAutowireCapableBeanFactory.java:607)
	at org.springframework.beans.factory.support.AbstractAutowireCapableBeanFactory.createBean(AbstractAutowireCapableBeanFactory.java:529)
	at org.springframework.beans.factory.support.AbstractBeanFactory.lambda$doGetBean$0(AbstractBeanFactory.java:339)
	at org.springframework.beans.factory.support.DefaultSingletonBeanRegistry.getSingleton(DefaultSingletonBeanRegistry.java:373)
	at org.springframework.beans.factory.support.AbstractBeanFactory.doGetBean(AbstractBeanFactory.java:337)
	at org.springframework.beans.factory.support.AbstractBeanFactory.getBean(AbstractBeanFactory.java:207)
	at org.springframework.context.support.AbstractApplicationContext.finishBeanFactoryInitialization(AbstractApplicationContext.java:970)
	at org.springframework.context.support.AbstractApplicationContext.refresh(AbstractApplicationContext.java:627)
	at org.springframework.boot.web.servlet.context.ServletWebServerApplicationContext.refresh(ServletWebServerApplicationContext.java:146)
	at org.springframework.boot.SpringApplication.refresh(SpringApplication.java:752)
	at org.springframework.boot.SpringApplication.refreshContext(SpringApplication.java:439)
	at org.springframework.boot.SpringApplication.run(SpringApplication.java:318)
	at org.springframework.boot.SpringApplication.run(SpringApplication.java:1361)
	at org.springframework.boot.SpringApplication.run(SpringApplication.java:1350)
	at com.tss.banking.BankingSystemApplication.main(BankingSystemApplication.java:10)
	at java.base/jdk.internal.reflect.NativeMethodAccessorImpl.invoke0(Native Method)
	at java.base/jdk.internal.reflect.NativeMethodAccessorImpl.invoke(NativeMethodAccessorImpl.java:77)
	at java.base/jdk.internal.reflect.DelegatingMethodAccessorImpl.invoke(DelegatingMethodAccessorImpl.java:43)
	at java.base/java.lang.reflect.Method.invoke(Method.java:568)
	at org.springframework.boot.devtools.restart.RestartLauncher.run(RestartLauncher.java:50)
Caused by: org.hibernate.AnnotationException: Association 'com.tss.banking.entity.Account.transactions' targets the type 'org.hibernate.Transaction' which is not an '@Entity' type
	at org.hibernate.boot.model.internal.CollectionBinder.detectManyToManyProblems(CollectionBinder.java:2610)
	at org.hibernate.boot.model.internal.CollectionBinder.bindManyToManySecondPass(CollectionBinder.java:2175)
	at org.hibernate.boot.model.internal.CollectionBinder.bindStarToManySecondPass(CollectionBinder.java:1620)
	at org.hibernate.boot.model.internal.CollectionBinder$1.secondPass(CollectionBinder.java:1604)
	at org.hibernate.boot.model.internal.CollectionSecondPass.doSecondPass(CollectionSecondPass.java:45)
	at org.hibernate.boot.internal.InFlightMetadataCollectorImpl.processSecondPasses(InFlightMetadataCollectorImpl.java:1842)
	at org.hibernate.boot.internal.InFlightMetadataCollectorImpl.processSecondPasses(InFlightMetadataCollectorImpl.java:1800)
	at org.hibernate.boot.model.process.spi.MetadataBuildingProcess.complete(MetadataBuildingProcess.java:334)
	at org.hibernate.jpa.boot.internal.EntityManagerFactoryBuilderImpl.metadata(EntityManagerFactoryBuilderImpl.java:1442)
	at org.hibernate.jpa.boot.internal.EntityManagerFactoryBuilderImpl.build(EntityManagerFactoryBuilderImpl.java:1513)
	at org.springframework.orm.jpa.vendor.SpringHibernateJpaPersistenceProvider.createContainerEntityManagerFactory(SpringHibernateJpaPersistenceProvider.java:66)
	at org.springframework.orm.jpa.LocalContainerEntityManagerFactoryBean.createNativeEntityManagerFactory(LocalContainerEntityManagerFactoryBean.java:390)
	at org.springframework.orm.jpa.AbstractEntityManagerFactoryBean.buildNativeEntityManagerFactory(AbstractEntityManagerFactoryBean.java:419)
	at org.springframework.orm.jpa.AbstractEntityManagerFactoryBean.afterPropertiesSet(AbstractEntityManagerFactoryBean.java:400)
	at org.springframework.orm.jpa.LocalContainerEntityManagerFactoryBean.afterPropertiesSet(LocalContainerEntityManagerFactoryBean.java:366)
	at org.springframework.beans.factory.support.AbstractAutowireCapableBeanFactory.invokeInitMethods(AbstractAutowireCapableBeanFactory.java:1873)
	at org.springframework.beans.factory.support.AbstractAutowireCapableBeanFactory.initializeBean(AbstractAutowireCapableBeanFactory.java:1822)
	... 20 common frames omitted
2025-09-08 12:07:28 - c.t.banking.BankingSystemApplication - Starting BankingSystemApplication using Java 17.0.12 with PID 13972 (C:\Users\ashishkumar.dabhi\Desktop\Ashish\Java\Spring Assignment\banking_system\target\classes started by root in C:\Users\ashishkumar.dabhi\Desktop\Ashish\Java\Spring Assignment\banking_system)
2025-09-08 12:07:28 - c.t.banking.BankingSystemApplication - Running with Spring Boot v3.5.5, Spring v6.2.10
2025-09-08 12:07:28 - c.t.banking.BankingSystemApplication - No active profile set, falling back to 1 default profile: "default"
2025-09-08 12:07:28 - o.s.b.d.e.DevToolsPropertyDefaultsPostProcessor - Devtools property defaults active! Set 'spring.devtools.add-properties' to 'false' to disable
2025-09-08 12:07:28 - o.s.b.d.e.DevToolsPropertyDefaultsPostProcessor - For additional web related logging consider setting the 'logging.level.web' property to 'DEBUG'
2025-09-08 12:07:30 - o.s.d.r.c.RepositoryConfigurationDelegate - Bootstrapping Spring Data JPA repositories in DEFAULT mode.
2025-09-08 12:07:30 - o.s.d.r.c.RepositoryConfigurationDelegate - Finished Spring Data repository scanning in 172 ms. Found 7 JPA repository interfaces.
2025-09-08 12:07:32 - o.s.b.w.e.tomcat.TomcatWebServer - Tomcat initialized with port 8080 (http)
2025-09-08 12:07:32 - o.a.catalina.core.StandardService - Starting service [Tomcat]
2025-09-08 12:07:32 - o.a.catalina.core.StandardEngine - Starting Servlet engine: [Apache Tomcat/10.1.44]
2025-09-08 12:07:32 - o.a.c.c.C.[Tomcat].[localhost].[/] - Initializing Spring embedded WebApplicationContext
2025-09-08 12:07:32 - o.s.b.w.s.c.ServletWebServerApplicationContext - Root WebApplicationContext: initialization completed in 4127 ms
2025-09-08 12:07:33 - com.zaxxer.hikari.HikariDataSource - HikariPool-1 - Starting...
2025-09-08 12:07:34 - com.zaxxer.hikari.pool.HikariPool - HikariPool-1 - Added connection com.mysql.cj.jdbc.ConnectionImpl@587c4fa4
2025-09-08 12:07:34 - com.zaxxer.hikari.HikariDataSource - HikariPool-1 - Start completed.
2025-09-08 12:07:34 - o.h.jpa.internal.util.LogHelper - HHH000204: Processing PersistenceUnitInfo [name: default]
2025-09-08 12:07:34 - org.hibernate.Version - HHH000412: Hibernate ORM core version 6.6.26.Final
2025-09-08 12:07:34 - o.h.c.i.RegionFactoryInitiator - HHH000026: Second-level cache disabled
2025-09-08 12:07:35 - o.s.o.j.p.SpringPersistenceUnitInfo - No LoadTimeWeaver setup: ignoring JPA class transformer
2025-09-08 12:07:35 - o.hibernate.orm.connections.pooling - HHH10001005: Database info:
	Database JDBC URL [Connecting through datasource 'HikariDataSource (HikariPool-1)']
	Database driver: undefined/unknown
	Database version: 8.0.42
	Autocommit mode: undefined/unknown
	Isolation level: undefined/unknown
	Minimum pool size: undefined/unknown
	Maximum pool size: undefined/unknown
2025-09-08 12:07:36 - o.h.e.t.j.p.i.JtaPlatformInitiator - HHH000489: No JTA platform available (set 'hibernate.transaction.jta.platform' to enable JTA platform integration)
2025-09-08 12:07:38 - o.s.o.j.LocalContainerEntityManagerFactoryBean - Initialized JPA EntityManagerFactory for persistence unit 'default'
2025-09-08 12:07:38 - o.s.b.w.s.c.AnnotationConfigServletWebServerApplicationContext - Exception encountered during context initialization - cancelling refresh attempt: org.springframework.beans.factory.UnsatisfiedDependencyException: Error creating bean with name 'adminController': Unsatisfied dependency expressed through field 'customerService': Error creating bean with name 'customerServiceImpl': Unsatisfied dependency expressed through field 'mapper': No qualifying bean of type 'org.modelmapper.ModelMapper' available: expected at least 1 bean which qualifies as autowire candidate. Dependency annotations: {@org.springframework.beans.factory.annotation.Autowired(required=true)}
2025-09-08 12:07:38 - o.s.o.j.LocalContainerEntityManagerFactoryBean - Closing JPA EntityManagerFactory for persistence unit 'default'
2025-09-08 12:07:38 - com.zaxxer.hikari.HikariDataSource - HikariPool-1 - Shutdown initiated...
2025-09-08 12:07:38 - com.zaxxer.hikari.HikariDataSource - HikariPool-1 - Shutdown completed.
2025-09-08 12:07:38 - o.a.catalina.core.StandardService - Stopping service [Tomcat]
2025-09-08 12:07:38 - o.s.b.a.l.ConditionEvaluationReportLogger - 

Error starting ApplicationContext. To display the condition evaluation report re-run your application with 'debug' enabled.
2025-09-08 12:07:38 - o.s.b.d.LoggingFailureAnalysisReporter - 

***************************
APPLICATION FAILED TO START
***************************

Description:

Field mapper in com.tss.banking.service.impl.CustomerServiceImpl required a bean of type 'org.modelmapper.ModelMapper' that could not be found.

The injection point has the following annotations:
	- @org.springframework.beans.factory.annotation.Autowired(required=true)


Action:

Consider defining a bean of type 'org.modelmapper.ModelMapper' in your configuration.

2025-09-08 12:08:09 - c.t.banking.BankingSystemApplication - Starting BankingSystemApplication using Java 17.0.12 with PID 10476 (C:\Users\ashishkumar.dabhi\Desktop\Ashish\Java\Spring Assignment\banking_system\target\classes started by root in C:\Users\ashishkumar.dabhi\Desktop\Ashish\Java\Spring Assignment\banking_system)
2025-09-08 12:08:09 - c.t.banking.BankingSystemApplication - Running with Spring Boot v3.5.5, Spring v6.2.10
2025-09-08 12:08:09 - c.t.banking.BankingSystemApplication - No active profile set, falling back to 1 default profile: "default"
2025-09-08 12:08:09 - o.s.b.d.e.DevToolsPropertyDefaultsPostProcessor - Devtools property defaults active! Set 'spring.devtools.add-properties' to 'false' to disable
2025-09-08 12:08:09 - o.s.b.d.e.DevToolsPropertyDefaultsPostProcessor - For additional web related logging consider setting the 'logging.level.web' property to 'DEBUG'
2025-09-08 12:08:10 - o.s.d.r.c.RepositoryConfigurationDelegate - Bootstrapping Spring Data JPA repositories in DEFAULT mode.
2025-09-08 12:08:10 - o.s.d.r.c.RepositoryConfigurationDelegate - Finished Spring Data repository scanning in 111 ms. Found 7 JPA repository interfaces.
2025-09-08 12:08:11 - o.s.b.w.e.tomcat.TomcatWebServer - Tomcat initialized with port 8080 (http)
2025-09-08 12:08:11 - o.a.catalina.core.StandardService - Starting service [Tomcat]
2025-09-08 12:08:11 - o.a.catalina.core.StandardEngine - Starting Servlet engine: [Apache Tomcat/10.1.44]
2025-09-08 12:08:11 - o.a.c.c.C.[Tomcat].[localhost].[/] - Initializing Spring embedded WebApplicationContext
2025-09-08 12:08:11 - o.s.b.w.s.c.ServletWebServerApplicationContext - Root WebApplicationContext: initialization completed in 2410 ms
2025-09-08 12:08:12 - com.zaxxer.hikari.HikariDataSource - HikariPool-1 - Starting...
2025-09-08 12:08:12 - com.zaxxer.hikari.pool.HikariPool - HikariPool-1 - Added connection com.mysql.cj.jdbc.ConnectionImpl@77896cb5
2025-09-08 12:08:12 - com.zaxxer.hikari.HikariDataSource - HikariPool-1 - Start completed.
2025-09-08 12:08:12 - o.h.jpa.internal.util.LogHelper - HHH000204: Processing PersistenceUnitInfo [name: default]
2025-09-08 12:08:12 - org.hibernate.Version - HHH000412: Hibernate ORM core version 6.6.26.Final
2025-09-08 12:08:12 - o.h.c.i.RegionFactoryInitiator - HHH000026: Second-level cache disabled
2025-09-08 12:08:13 - o.s.o.j.p.SpringPersistenceUnitInfo - No LoadTimeWeaver setup: ignoring JPA class transformer
2025-09-08 12:08:13 - o.hibernate.orm.connections.pooling - HHH10001005: Database info:
	Database JDBC URL [Connecting through datasource 'HikariDataSource (HikariPool-1)']
	Database driver: undefined/unknown
	Database version: 8.0.42
	Autocommit mode: undefined/unknown
	Isolation level: undefined/unknown
	Minimum pool size: undefined/unknown
	Maximum pool size: undefined/unknown
2025-09-08 12:08:14 - o.h.e.t.j.p.i.JtaPlatformInitiator - HHH000489: No JTA platform available (set 'hibernate.transaction.jta.platform' to enable JTA platform integration)
2025-09-08 12:08:14 - o.s.o.j.LocalContainerEntityManagerFactoryBean - Initialized JPA EntityManagerFactory for persistence unit 'default'
2025-09-08 12:08:14 - o.s.b.w.s.c.AnnotationConfigServletWebServerApplicationContext - Exception encountered during context initialization - cancelling refresh attempt: org.springframework.beans.factory.UnsatisfiedDependencyException: Error creating bean with name 'adminController': Unsatisfied dependency expressed through field 'customerService': Error creating bean with name 'customerServiceImpl': Unsatisfied dependency expressed through field 'mapper': No qualifying bean of type 'org.modelmapper.ModelMapper' available: expected at least 1 bean which qualifies as autowire candidate. Dependency annotations: {@org.springframework.beans.factory.annotation.Autowired(required=true)}
2025-09-08 12:08:14 - o.s.o.j.LocalContainerEntityManagerFactoryBean - Closing JPA EntityManagerFactory for persistence unit 'default'
2025-09-08 12:08:15 - com.zaxxer.hikari.HikariDataSource - HikariPool-1 - Shutdown initiated...
2025-09-08 12:08:15 - com.zaxxer.hikari.HikariDataSource - HikariPool-1 - Shutdown completed.
2025-09-08 12:08:15 - o.a.catalina.core.StandardService - Stopping service [Tomcat]
2025-09-08 12:08:15 - o.s.b.a.l.ConditionEvaluationReportLogger - 

Error starting ApplicationContext. To display the condition evaluation report re-run your application with 'debug' enabled.
2025-09-08 12:08:15 - o.s.b.d.LoggingFailureAnalysisReporter - 

***************************
APPLICATION FAILED TO START
***************************

Description:

Field mapper in com.tss.banking.service.impl.CustomerServiceImpl required a bean of type 'org.modelmapper.ModelMapper' that could not be found.

The injection point has the following annotations:
	- @org.springframework.beans.factory.annotation.Autowired(required=true)


Action:

Consider defining a bean of type 'org.modelmapper.ModelMapper' in your configuration.

2025-09-08 12:16:38 - c.t.banking.BankingSystemApplication - Starting BankingSystemApplication using Java 17.0.12 with PID 21348 (C:\Users\ashishkumar.dabhi\Desktop\Ashish\Java\Spring Assignment\banking_system\target\classes started by root in C:\Users\ashishkumar.dabhi\Desktop\Ashish\Java\Spring Assignment\banking_system)
2025-09-08 12:16:38 - c.t.banking.BankingSystemApplication - Running with Spring Boot v3.5.5, Spring v6.2.10
2025-09-08 12:16:38 - c.t.banking.BankingSystemApplication - No active profile set, falling back to 1 default profile: "default"
2025-09-08 12:16:38 - o.s.b.d.e.DevToolsPropertyDefaultsPostProcessor - Devtools property defaults active! Set 'spring.devtools.add-properties' to 'false' to disable
2025-09-08 12:16:38 - o.s.b.d.e.DevToolsPropertyDefaultsPostProcessor - For additional web related logging consider setting the 'logging.level.web' property to 'DEBUG'
2025-09-08 12:16:40 - o.s.d.r.c.RepositoryConfigurationDelegate - Bootstrapping Spring Data JPA repositories in DEFAULT mode.
2025-09-08 12:16:41 - o.s.d.r.c.RepositoryConfigurationDelegate - Finished Spring Data repository scanning in 161 ms. Found 7 JPA repository interfaces.
2025-09-08 12:16:43 - o.s.b.w.e.tomcat.TomcatWebServer - Tomcat initialized with port 8080 (http)
2025-09-08 12:16:43 - o.a.catalina.core.StandardService - Starting service [Tomcat]
2025-09-08 12:16:43 - o.a.catalina.core.StandardEngine - Starting Servlet engine: [Apache Tomcat/10.1.44]
2025-09-08 12:16:43 - o.a.c.c.C.[Tomcat].[localhost].[/] - Initializing Spring embedded WebApplicationContext
2025-09-08 12:16:43 - o.s.b.w.s.c.ServletWebServerApplicationContext - Root WebApplicationContext: initialization completed in 5161 ms
2025-09-08 12:16:43 - com.zaxxer.hikari.HikariDataSource - HikariPool-1 - Starting...
2025-09-08 12:16:45 - com.zaxxer.hikari.pool.HikariPool - HikariPool-1 - Added connection com.mysql.cj.jdbc.ConnectionImpl@1ce89a40
2025-09-08 12:16:45 - com.zaxxer.hikari.HikariDataSource - HikariPool-1 - Start completed.
2025-09-08 12:16:45 - o.h.jpa.internal.util.LogHelper - HHH000204: Processing PersistenceUnitInfo [name: default]
2025-09-08 12:16:45 - org.hibernate.Version - HHH000412: Hibernate ORM core version 6.6.26.Final
2025-09-08 12:16:45 - o.h.c.i.RegionFactoryInitiator - HHH000026: Second-level cache disabled
2025-09-08 12:16:46 - o.s.o.j.p.SpringPersistenceUnitInfo - No LoadTimeWeaver setup: ignoring JPA class transformer
2025-09-08 12:16:47 - o.hibernate.orm.connections.pooling - HHH10001005: Database info:
	Database JDBC URL [Connecting through datasource 'HikariDataSource (HikariPool-1)']
	Database driver: undefined/unknown
	Database version: 8.0.42
	Autocommit mode: undefined/unknown
	Isolation level: undefined/unknown
	Minimum pool size: undefined/unknown
	Maximum pool size: undefined/unknown
2025-09-08 12:16:49 - o.h.e.t.j.p.i.JtaPlatformInitiator - HHH000489: No JTA platform available (set 'hibernate.transaction.jta.platform' to enable JTA platform integration)
2025-09-08 12:16:49 - o.s.o.j.LocalContainerEntityManagerFactoryBean - Initialized JPA EntityManagerFactory for persistence unit 'default'
2025-09-08 12:16:50 - o.s.b.w.s.c.AnnotationConfigServletWebServerApplicationContext - Exception encountered during context initialization - cancelling refresh attempt: org.springframework.beans.factory.UnsatisfiedDependencyException: Error creating bean with name 'adminController': Unsatisfied dependency expressed through field 'customerService': Error creating bean with name 'customerServiceImpl': Unsatisfied dependency expressed through field 'mapper': No qualifying bean of type 'org.modelmapper.ModelMapper' available: expected at least 1 bean which qualifies as autowire candidate. Dependency annotations: {@org.springframework.beans.factory.annotation.Autowired(required=true)}
2025-09-08 12:16:50 - o.s.o.j.LocalContainerEntityManagerFactoryBean - Closing JPA EntityManagerFactory for persistence unit 'default'
2025-09-08 12:16:50 - com.zaxxer.hikari.HikariDataSource - HikariPool-1 - Shutdown initiated...
2025-09-08 12:16:50 - com.zaxxer.hikari.HikariDataSource - HikariPool-1 - Shutdown completed.
2025-09-08 12:16:50 - o.a.catalina.core.StandardService - Stopping service [Tomcat]
2025-09-08 12:16:50 - o.s.b.a.l.ConditionEvaluationReportLogger - 

Error starting ApplicationContext. To display the condition evaluation report re-run your application with 'debug' enabled.
2025-09-08 12:16:50 - o.s.b.d.LoggingFailureAnalysisReporter - 

***************************
APPLICATION FAILED TO START
***************************

Description:

Field mapper in com.tss.banking.service.impl.CustomerServiceImpl required a bean of type 'org.modelmapper.ModelMapper' that could not be found.

The injection point has the following annotations:
	- @org.springframework.beans.factory.annotation.Autowired(required=true)


Action:

Consider defining a bean of type 'org.modelmapper.ModelMapper' in your configuration.

2025-09-08 12:18:45 - c.t.banking.BankingSystemApplication - Starting BankingSystemApplication using Java 17.0.12 with PID 18576 (C:\Users\ashishkumar.dabhi\Desktop\Ashish\Java\Spring Assignment\banking_system\target\classes started by root in C:\Users\ashishkumar.dabhi\Desktop\Ashish\Java\Spring Assignment\banking_system)
2025-09-08 12:18:45 - c.t.banking.BankingSystemApplication - Running with Spring Boot v3.5.5, Spring v6.2.10
2025-09-08 12:18:45 - c.t.banking.BankingSystemApplication - No active profile set, falling back to 1 default profile: "default"
2025-09-08 12:18:45 - o.s.b.d.e.DevToolsPropertyDefaultsPostProcessor - Devtools property defaults active! Set 'spring.devtools.add-properties' to 'false' to disable
2025-09-08 12:18:45 - o.s.b.d.e.DevToolsPropertyDefaultsPostProcessor - For additional web related logging consider setting the 'logging.level.web' property to 'DEBUG'
2025-09-08 12:18:48 - o.s.d.r.c.RepositoryConfigurationDelegate - Bootstrapping Spring Data JPA repositories in DEFAULT mode.
2025-09-08 12:18:48 - o.s.d.r.c.RepositoryConfigurationDelegate - Finished Spring Data repository scanning in 255 ms. Found 7 JPA repository interfaces.
2025-09-08 12:18:51 - o.s.b.w.e.tomcat.TomcatWebServer - Tomcat initialized with port 8080 (http)
2025-09-08 12:18:51 - o.a.catalina.core.StandardService - Starting service [Tomcat]
2025-09-08 12:18:51 - o.a.catalina.core.StandardEngine - Starting Servlet engine: [Apache Tomcat/10.1.44]
2025-09-08 12:18:51 - o.a.c.c.C.[Tomcat].[localhost].[/] - Initializing Spring embedded WebApplicationContext
2025-09-08 12:18:51 - o.s.b.w.s.c.ServletWebServerApplicationContext - Root WebApplicationContext: initialization completed in 6441 ms
2025-09-08 12:18:52 - com.zaxxer.hikari.HikariDataSource - HikariPool-1 - Starting...
2025-09-08 12:18:53 - com.zaxxer.hikari.pool.HikariPool - HikariPool-1 - Added connection com.mysql.cj.jdbc.ConnectionImpl@46f2838b
2025-09-08 12:18:53 - com.zaxxer.hikari.HikariDataSource - HikariPool-1 - Start completed.
2025-09-08 12:18:54 - o.h.jpa.internal.util.LogHelper - HHH000204: Processing PersistenceUnitInfo [name: default]
2025-09-08 12:18:54 - org.hibernate.Version - HHH000412: Hibernate ORM core version 6.6.26.Final
2025-09-08 12:18:54 - o.h.c.i.RegionFactoryInitiator - HHH000026: Second-level cache disabled
2025-09-08 12:18:55 - o.s.o.j.p.SpringPersistenceUnitInfo - No LoadTimeWeaver setup: ignoring JPA class transformer
2025-09-08 12:18:56 - o.hibernate.orm.connections.pooling - HHH10001005: Database info:
	Database JDBC URL [Connecting through datasource 'HikariDataSource (HikariPool-1)']
	Database driver: undefined/unknown
	Database version: 8.0.42
	Autocommit mode: undefined/unknown
	Isolation level: undefined/unknown
	Minimum pool size: undefined/unknown
	Maximum pool size: undefined/unknown
2025-09-08 12:18:59 - o.h.e.t.j.p.i.JtaPlatformInitiator - HHH000489: No JTA platform available (set 'hibernate.transaction.jta.platform' to enable JTA platform integration)
2025-09-08 12:18:59 - o.s.o.j.LocalContainerEntityManagerFactoryBean - Initialized JPA EntityManagerFactory for persistence unit 'default'
2025-09-08 12:19:01 - o.s.b.a.o.j.JpaBaseConfiguration$JpaWebConfiguration - spring.jpa.open-in-view is enabled by default. Therefore, database queries may be performed during view rendering. Explicitly configure spring.jpa.open-in-view to disable this warning
2025-09-08 12:19:02 - o.s.security.core.userdetails.User - User.withDefaultPasswordEncoder() is considered unsafe for production and is only intended for sample applications.
2025-09-08 12:19:02 - o.s.security.core.userdetails.User - User.withDefaultPasswordEncoder() is considered unsafe for production and is only intended for sample applications.
2025-09-08 12:19:02 - o.s.security.core.userdetails.User - User.withDefaultPasswordEncoder() is considered unsafe for production and is only intended for sample applications.
2025-09-08 12:19:02 - o.s.s.c.a.a.c.InitializeUserDetailsBeanManagerConfigurer$InitializeUserDetailsManagerConfigurer - Global AuthenticationManager configured with UserDetailsService bean with name userDetailsService
2025-09-08 12:19:03 - o.s.b.d.a.OptionalLiveReloadServer - LiveReload server is running on port 35729
2025-09-08 12:19:04 - o.s.b.w.e.tomcat.TomcatWebServer - Tomcat started on port 8080 (http) with context path '/'
2025-09-08 12:19:04 - c.t.banking.BankingSystemApplication - Started BankingSystemApplication in 20.82 seconds (process running for 22.415)
2025-09-08 12:22:22 - o.a.c.c.C.[Tomcat].[localhost].[/] - Initializing Spring DispatcherServlet 'dispatcherServlet'
2025-09-08 12:22:22 - o.s.web.servlet.DispatcherServlet - Initializing Servlet 'dispatcherServlet'
2025-09-08 12:22:22 - o.s.web.servlet.DispatcherServlet - Completed initialization in 5 ms
2025-09-08 12:22:22 - o.a.c.util.SessionIdGeneratorBase - Creation of SecureRandom instance for session ID generation using [SHA1PRNG] took [265] milliseconds.
2025-09-08 12:27:09 - o.s.w.s.m.m.a.ExceptionHandlerExceptionResolver - Resolved [org.springframework.web.HttpRequestMethodNotSupportedException: Request method 'GET' is not supported]
2025-09-08 13:34:26 - c.t.banking.BankingSystemApplication - Starting BankingSystemApplication using Java 17.0.12 with PID 22084 (C:\Users\ashishkumar.dabhi\Desktop\Ashish\Java\Spring Assignment\banking_system\target\classes started by root in C:\Users\ashishkumar.dabhi\Desktop\Ashish\Java\Spring Assignment\banking_system)
2025-09-08 13:34:26 - c.t.banking.BankingSystemApplication - Running with Spring Boot v3.5.5, Spring v6.2.10
2025-09-08 13:34:26 - c.t.banking.BankingSystemApplication - No active profile set, falling back to 1 default profile: "default"
2025-09-08 13:34:26 - o.s.b.d.e.DevToolsPropertyDefaultsPostProcessor - Devtools property defaults active! Set 'spring.devtools.add-properties' to 'false' to disable
2025-09-08 13:34:26 - o.s.b.d.e.DevToolsPropertyDefaultsPostProcessor - For additional web related logging consider setting the 'logging.level.web' property to 'DEBUG'
2025-09-08 13:34:30 - o.s.d.r.c.RepositoryConfigurationDelegate - Bootstrapping Spring Data JPA repositories in DEFAULT mode.
2025-09-08 13:34:31 - o.s.d.r.c.RepositoryConfigurationDelegate - Finished Spring Data repository scanning in 381 ms. Found 7 JPA repository interfaces.
2025-09-08 13:34:33 - o.s.b.w.e.tomcat.TomcatWebServer - Tomcat initialized with port 8080 (http)
2025-09-08 13:34:33 - o.a.catalina.core.StandardService - Starting service [Tomcat]
2025-09-08 13:34:33 - o.a.catalina.core.StandardEngine - Starting Servlet engine: [Apache Tomcat/10.1.44]
2025-09-08 13:34:34 - o.a.c.c.C.[Tomcat].[localhost].[/] - Initializing Spring embedded WebApplicationContext
2025-09-08 13:34:34 - o.s.b.w.s.c.ServletWebServerApplicationContext - Root WebApplicationContext: initialization completed in 7879 ms
2025-09-08 13:34:35 - com.zaxxer.hikari.HikariDataSource - HikariPool-1 - Starting...
2025-09-08 13:34:36 - com.zaxxer.hikari.pool.HikariPool - HikariPool-1 - Added connection com.mysql.cj.jdbc.ConnectionImpl@126a0904
2025-09-08 13:34:36 - com.zaxxer.hikari.HikariDataSource - HikariPool-1 - Start completed.
2025-09-08 13:34:37 - o.h.jpa.internal.util.LogHelper - HHH000204: Processing PersistenceUnitInfo [name: default]
2025-09-08 13:34:37 - org.hibernate.Version - HHH000412: Hibernate ORM core version 6.6.26.Final
2025-09-08 13:34:37 - o.h.c.i.RegionFactoryInitiator - HHH000026: Second-level cache disabled
2025-09-08 13:34:39 - o.s.o.j.p.SpringPersistenceUnitInfo - No LoadTimeWeaver setup: ignoring JPA class transformer
2025-09-08 13:34:39 - o.hibernate.orm.connections.pooling - HHH10001005: Database info:
	Database JDBC URL [Connecting through datasource 'HikariDataSource (HikariPool-1)']
	Database driver: undefined/unknown
	Database version: 8.0.42
	Autocommit mode: undefined/unknown
	Isolation level: undefined/unknown
	Minimum pool size: undefined/unknown
	Maximum pool size: undefined/unknown
2025-09-08 13:34:43 - o.h.e.t.j.p.i.JtaPlatformInitiator - HHH000489: No JTA platform available (set 'hibernate.transaction.jta.platform' to enable JTA platform integration)
2025-09-08 13:34:50 - o.s.o.j.LocalContainerEntityManagerFactoryBean - Initialized JPA EntityManagerFactory for persistence unit 'default'
2025-09-08 13:34:53 - o.s.b.a.o.j.JpaBaseConfiguration$JpaWebConfiguration - spring.jpa.open-in-view is enabled by default. Therefore, database queries may be performed during view rendering. Explicitly configure spring.jpa.open-in-view to disable this warning
2025-09-08 13:34:54 - o.s.security.core.userdetails.User - User.withDefaultPasswordEncoder() is considered unsafe for production and is only intended for sample applications.
2025-09-08 13:34:54 - o.s.security.core.userdetails.User - User.withDefaultPasswordEncoder() is considered unsafe for production and is only intended for sample applications.
2025-09-08 13:34:54 - o.s.security.core.userdetails.User - User.withDefaultPasswordEncoder() is considered unsafe for production and is only intended for sample applications.
2025-09-08 13:34:54 - o.s.s.c.a.a.c.InitializeUserDetailsBeanManagerConfigurer$InitializeUserDetailsManagerConfigurer - Global AuthenticationManager configured with UserDetailsService bean with name userDetailsService
2025-09-08 13:34:56 - o.s.b.d.a.OptionalLiveReloadServer - LiveReload server is running on port 35729
2025-09-08 13:34:56 - o.s.b.w.e.tomcat.TomcatWebServer - Tomcat started on port 8080 (http) with context path '/'
2025-09-08 13:34:56 - c.t.banking.BankingSystemApplication - Started BankingSystemApplication in 32.888 seconds (process running for 35.508)
